{
  "stats": {
    "suites": 2,
    "tests": 5,
    "passes": 5,
    "pending": 0,
    "failures": 0,
    "start": "2021-05-16T20:29:04.702Z",
    "end": "2021-05-16T20:29:39.611Z",
    "duration": 21762,
    "testsRegistered": 5,
    "passPercent": 100,
    "pendingPercent": 0,
    "other": 0,
    "hasOther": false,
    "skipped": 0,
    "hasSkipped": false
  },
  "results": [
    {
      "uuid": "6f0b8bd5-a596-4f0b-a1a8-5cb04df24d3c",
      "title": "",
      "fullFile": "cypress/integration/test2.spec.js",
      "file": "cypress/integration/test2.spec.js",
      "beforeHooks": [],
      "afterHooks": [],
      "tests": [],
      "suites": [
        {
          "uuid": "0c178329-cc07-4880-9e63-9350bcce098a",
          "title": "registering a new user",
          "fullFile": "",
          "file": "",
          "beforeHooks": [],
          "afterHooks": [],
          "tests": [
            {
              "title": "goes to home page and click's register and signs up",
              "fullTitle": "registering a new user goes to home page and click's register and signs up",
              "timedOut": null,
              "duration": 2528,
              "state": "passed",
              "speed": "slow",
              "pass": true,
              "fail": false,
              "pending": false,
              "context": null,
              "code": "cy.get('form div input[name=\"name\"]').type('Mary Larry');\ncy.get('form div input[name=\"email\"]').type('mlary@mail.com');\ncy.get('form div input[name=\"password\"]').type('password');\ncy.get('form div input[name=\"password2\"]').type('password');\ncy.get('input[value=\"Register\"]').click();",
              "err": {},
              "uuid": "12ac58d7-b5c7-4abb-8352-e5714cf3ee4f",
              "parentUUID": "0c178329-cc07-4880-9e63-9350bcce098a",
              "isHook": false,
              "skipped": false
            },
            {
              "title": "an existing user trys to register then goes to login page and logs in",
              "fullTitle": "registering a new user an existing user trys to register then goes to login page and logs in",
              "timedOut": null,
              "duration": 1839,
              "state": "passed",
              "speed": "slow",
              "pass": true,
              "fail": false,
              "pending": false,
              "context": null,
              "code": "cy.get('form div input[name=\"name\"]').type('Mary Larry');\ncy.get('form div input[name=\"email\"]').type('mlary@mail.com');\ncy.get('form div input[name=\"password\"]').type('password');\ncy.get('form div input[name=\"password2\"]').type('password');\ncy.get('input[value=\"Register\"]').click();\ncy.get('.alert').should('contain', 'User already exists');",
              "err": {},
              "uuid": "0d3fa1f4-00a1-420c-8d0b-78fc5f1f0c10",
              "parentUUID": "0c178329-cc07-4880-9e63-9350bcce098a",
              "isHook": false,
              "skipped": false
            }
          ],
          "suites": [],
          "passes": [
            "12ac58d7-b5c7-4abb-8352-e5714cf3ee4f",
            "0d3fa1f4-00a1-420c-8d0b-78fc5f1f0c10"
          ],
          "failures": [],
          "pending": [],
          "skipped": [],
          "duration": 4367,
          "root": false,
          "rootEmpty": false,
          "_timeout": 2000
        }
      ],
      "passes": [],
      "failures": [],
      "pending": [],
      "skipped": [],
      "duration": 0,
      "root": true,
      "rootEmpty": true,
      "_timeout": 2000
    },
    {
      "uuid": "c73140b9-6f87-40a6-a9fd-4906332ef8bd",
      "title": "",
      "fullFile": "cypress/integration/test1.spec.js",
      "file": "cypress/integration/test1.spec.js",
      "beforeHooks": [],
      "afterHooks": [],
      "tests": [],
      "suites": [
        {
          "uuid": "2a1708af-4219-4f36-b4eb-5d5878b54c68",
          "title": "generic testing suite",
          "fullFile": "",
          "file": "",
          "beforeHooks": [],
          "afterHooks": [],
          "tests": [
            {
              "title": "once user logged in add a new contacts -> submit -> filter",
              "fullTitle": "generic testing suite once user logged in add a new contacts -> submit -> filter",
              "timedOut": null,
              "duration": 14483,
              "state": "passed",
              "speed": "slow",
              "pass": true,
              "fail": false,
              "pending": false,
              "context": null,
              "code": "_homePage.onHomePage.addNewContact('Tim Taylor', 'ttaylor@mail.com', '123-456-7890', 'professional');\n_homePage.onHomePage.addNewContact('Steve Smith', 'ssmith@mail.com', '433-456-7890', 'personal');\n_homePage.onHomePage.addNewContact('John Doe', 'jdoe@mail.com', '123-456-7890', 'professional');\n_homePage.onHomePage.addNewContact('Mary Bridget', 'mbridget@mail.com', '123-456-7890', 'personal');\n_homePage.onHomePage.filterContacts('doe');\ncy.logout();",
              "err": {},
              "uuid": "d162ce87-5b34-4d63-9a4f-62d896a9678b",
              "parentUUID": "2a1708af-4219-4f36-b4eb-5d5878b54c68",
              "isHook": false,
              "skipped": false
            },
            {
              "title": "update contact name by name",
              "fullTitle": "generic testing suite update contact name by name",
              "timedOut": null,
              "duration": 1714,
              "state": "passed",
              "speed": "slow",
              "pass": true,
              "fail": false,
              "pending": false,
              "context": null,
              "code": "_homePage.onHomePage.updateContactName('Tim Taylor', 'Timm Taylor');\ncy.logout();",
              "err": {},
              "uuid": "9b5d1749-2802-4b77-854b-9e0581d7148b",
              "parentUUID": "2a1708af-4219-4f36-b4eb-5d5878b54c68",
              "isHook": false,
              "skipped": false
            },
            {
              "title": "delete a contact by contact name",
              "fullTitle": "generic testing suite delete a contact by contact name",
              "timedOut": null,
              "duration": 1198,
              "state": "passed",
              "speed": "slow",
              "pass": true,
              "fail": false,
              "pending": false,
              "context": null,
              "code": "_homePage.onHomePage.deleteContact('Timm Taylor');\n_homePage.onHomePage.deleteContact('Steve Smith');\n_homePage.onHomePage.deleteContact('John Doe');\n_homePage.onHomePage.deleteContact('Mary Bridget');",
              "err": {},
              "uuid": "14f3fa75-4055-4796-b0a1-37eb4f97344d",
              "parentUUID": "2a1708af-4219-4f36-b4eb-5d5878b54c68",
              "isHook": false,
              "skipped": false
            }
          ],
          "suites": [],
          "passes": [
            "d162ce87-5b34-4d63-9a4f-62d896a9678b",
            "9b5d1749-2802-4b77-854b-9e0581d7148b",
            "14f3fa75-4055-4796-b0a1-37eb4f97344d"
          ],
          "failures": [],
          "pending": [],
          "skipped": [],
          "duration": 17395,
          "root": false,
          "rootEmpty": false,
          "_timeout": 2000
        }
      ],
      "passes": [],
      "failures": [],
      "pending": [],
      "skipped": [],
      "duration": 0,
      "root": true,
      "rootEmpty": true,
      "_timeout": 2000
    }
  ],
  "meta": {
    "mocha": {
      "version": "7.0.1"
    },
    "mochawesome": {
      "options": {
        "quiet": false,
        "reportFilename": "mochawesome",
        "saveHtml": false,
        "saveJson": true,
        "consoleReporter": "spec",
        "useInlineDiffs": false,
        "code": true
      },
      "version": "6.2.2"
    },
    "marge": {
      "options": {
        "id": "default",
        "reportDir": "cypress/results/mochawesome",
        "overwrite": false,
        "html": false,
        "json": true
      },
      "version": "5.2.0"
    }
  }
}